INFO:     Will watch for changes in these directories: ['/home/jazzzfm/SaptivaTekChallenge']
INFO:     Uvicorn running on http://127.0.0.1:8000 (Press CTRL+C to quit)
INFO:     Started reloader process [1029648] using WatchFiles
2025-08-22 13:59:55,572 - faiss.loader - INFO - Loading faiss with AVX512 support.
2025-08-22 13:59:55,599 - faiss.loader - INFO - Successfully loaded faiss with AVX512 support.
INFO:     Started server process [1029651]
INFO:     Waiting for application startup.
INFO:     Application startup complete.
2025-08-22 14:00:02,238 - root - ERROR - Failed to list prompts: 2 validation errors for PaginatedResponse
items.0
  Input should be a valid dictionary or instance of PromptResponse [type=model_type, input_value=PromptRecord(id='2257fd46...T15:39:30.128511+00:00'), input_type=PromptRecord]
    For further information visit https://errors.pydantic.dev/2.11/v/model_type
items.1
  Input should be a valid dictionary or instance of PromptResponse [type=model_type, input_value=PromptRecord(id='f014cf0c...T15:19:54.711913+00:00'), input_type=PromptRecord]
    For further information visit https://errors.pydantic.dev/2.11/v/model_type
WARNING:  WatchFiles detected changes in 'api/main.py'. Reloading...
INFO:     Shutting down
INFO:     Waiting for application shutdown.
INFO:     Application shutdown complete.
INFO:     Finished server process [1029651]
2025-08-22 14:00:24,691 - faiss.loader - INFO - Loading faiss with AVX512 support.
2025-08-22 14:00:24,722 - faiss.loader - INFO - Successfully loaded faiss with AVX512 support.
INFO:     Started server process [1029669]
INFO:     Waiting for application startup.
INFO:     Application startup complete.
WARNING:  WatchFiles detected changes in 'scripts/seed_data.py'. Reloading...
INFO:     Shutting down
INFO:     Waiting for application shutdown.
INFO:     Application shutdown complete.
INFO:     Finished server process [1029669]
2025-08-22 14:19:49,437 - faiss.loader - INFO - Loading faiss with AVX512 support.
2025-08-22 14:19:49,478 - faiss.loader - INFO - Successfully loaded faiss with AVX512 support.
INFO:     Started server process [1033655]
INFO:     Waiting for application startup.
INFO:     Application startup complete.
WARNING:  WatchFiles detected changes in 'scripts/seed_data.py'. Reloading...
INFO:     Shutting down
INFO:     Waiting for application shutdown.
INFO:     Application shutdown complete.
INFO:     Finished server process [1033655]
2025-08-22 14:19:56,416 - faiss.loader - INFO - Loading faiss with AVX512 support.
2025-08-22 14:19:56,434 - faiss.loader - INFO - Successfully loaded faiss with AVX512 support.
INFO:     Started server process [1033719]
INFO:     Waiting for application startup.
INFO:     Application startup complete.
